<?xml version="1.0" encoding="UTF-8"?>
<testsuite xmlns:xsi="http://www.w3.org/2001/XMLSchema-instance" xsi:noNamespaceSchemaLocation="https://maven.apache.org/surefire/maven-surefire-plugin/xsd/surefire-test-report.xsd" version="3.0.2" name="org.example.TliasWebManagementApplicationTests" time="0.284" tests="2" errors="1" skipped="0" failures="0">
  <properties>
[...]
</properties>
  <testcase name="genJwt" classname="org.example.TliasWebManagementApplicationTests" time="0.245">
    <system-out><![CDATA[eyJhbGciOiJIUzI1NiJ9.eyJpZCI6MSwiZXhwIjoxNzQ1ODI1NzA2LCJ1c2VybmFtZSI6IlRvbSJ9.Q68cmKG3tZXzFPCQtRoW4sj3e9kxGbxeYNy9m5Ln4ok
]]></system-out>
  </testcase>
  <testcase name="parseJWT" classname="org.example.TliasWebManagementApplicationTests" time="0.022">
    <error message="JWT expired at 2025-04-24T18:34:23Z. Current time: 2025-04-28T14:35:06Z, a difference of 331243678 milliseconds.  Allowed clock skew: 0 milliseconds." type="io.jsonwebtoken.ExpiredJwtException"><![CDATA[io.jsonwebtoken.ExpiredJwtException: JWT expired at 2025-04-24T18:34:23Z. Current time: 2025-04-28T14:35:06Z, a difference of 331243678 milliseconds.  Allowed clock skew: 0 milliseconds.
	at io.jsonwebtoken.impl.DefaultJwtParser.parse(DefaultJwtParser.java:385)
	at io.jsonwebtoken.impl.DefaultJwtParser.parse(DefaultJwtParser.java:481)
	at io.jsonwebtoken.impl.DefaultJwtParser.parseClaimsJws(DefaultJwtParser.java:541)
	at org.example.TliasWebManagementApplicationTests.parseJWT(TliasWebManagementApplicationTests.java:38)
	at java.base/java.lang.reflect.Method.invoke(Method.java:568)
	at java.base/java.util.ArrayList.forEach(ArrayList.java:1511)
	at java.base/java.util.ArrayList.forEach(ArrayList.java:1511)
]]></error>
  </testcase>
</testsuite>